{
  "uid" : "36fbc295a75d3f4d",
  "name" : "test_loginByCaptcha",
  "fullName" : "test_002_loginByCaptcha.Test_loginByCaptcha#test_loginByCaptcha",
  "historyId" : "2c4c0ff60efde21ca19a24ee615ea1aa",
  "time" : {
    "start" : 1614260994432,
    "stop" : 1614261079758,
    "duration" : 85326
  },
  "status" : "broken",
  "statusMessage" : "selenium.common.exceptions.TimeoutException: Message:",
  "statusTrace" : "self = <scripts.test_002_loginByCaptcha.Test_loginByCaptcha object at 0x000001BD9A424100>\n\n    def test_loginByCaptcha(self):\n        with allure.step('点击同意服务协议'):\n            self.page.login().click_agree_login()\n        with allure.step('点击手机号登录'):\n            self.page.login().click_phone_login()\n        with allure.step('输入手机号'):\n            self.page.login_phone().input_phone(str(phone))\n        with allure.step('点击获取验证码按钮'):\n            self.page.login_phone().click_getCaptcha()\n            time.sleep(2)\n        with allure.step('正式服数据库拿验证码'):\n            captcha = pd.read_sql('select captcha FROM t_captcha WHERE phone = \"' + str(phone) + '\" order by postTime desc',engine)\n            captcha = captcha.iloc[0, 0]\n        with allure.step('输入验证码'):\n            self.page.login_phone_captcha().input_captcha(str(captcha))\n        with allure.step('点击完成'):\n            self.page.login_phone_captcha().click_loginBtn()\n        with allure.step('第一次进入，点击我知道了'):\n            time.sleep(8)\n            self.page.login().tapScreen(0.5,0.6)\n    #     with allure.step('断言:登录成功'):\n    #         assert self.page.shouye().check_shouye() == True\n    #\n    # def test_logout(self):\n        with allure.step('点击更多按钮'):\n>           self.page.more().click_more()\n\ntest_002_loginByCaptcha.py:55: \n_ _ _ _ _ _ _ _ _ _ _ _ _ _ _ _ _ _ _ _ _ _ _ _ _ _ _ _ _ _ _ _ _ _ _ _ _ _ _ _\n..\\Pages\\personal_information\\more_page.py:46: in click_more\n    self.click(self.moreBtn)\n..\\base\\base_action.py:27: in click\n    self.find_element(feature).click()\n..\\base\\base_action.py:22: in find_element\n    element = WebDriverWait(self.driver, timeout, poll).until(lambda x: x.find_element(feature_by, feature_value))\n_ _ _ _ _ _ _ _ _ _ _ _ _ _ _ _ _ _ _ _ _ _ _ _ _ _ _ _ _ _ _ _ _ _ _ _ _ _ _ _\n\nself = <selenium.webdriver.support.wait.WebDriverWait (session=\"92408340-568a-4391-9b73-3ff0c94bd7bd\")>\nmethod = <function BaseAction.find_element.<locals>.<lambda> at 0x000001BDA66955E0>\nmessage = ''\n\n    def until(self, method, message=''):\n        \"\"\"Calls the method provided with the driver as an argument until the \\\n        return value is not False.\"\"\"\n        screen = None\n        stacktrace = None\n    \n        end_time = time.time() + self._timeout\n        while True:\n            try:\n                value = method(self._driver)\n                if value:\n                    return value\n            except self._ignored_exceptions as exc:\n                screen = getattr(exc, 'screen', None)\n                stacktrace = getattr(exc, 'stacktrace', None)\n            time.sleep(self._poll)\n            if time.time() > end_time:\n                break\n>       raise TimeoutException(message, screen, stacktrace)\nE       selenium.common.exceptions.TimeoutException: Message:\n\nc:\\python38\\lib\\site-packages\\selenium\\webdriver\\support\\wait.py:80: TimeoutException",
  "flaky" : false,
  "newFailed" : false,
  "beforeStages" : [ ],
  "testStage" : {
    "status" : "broken",
    "statusMessage" : "selenium.common.exceptions.TimeoutException: Message:",
    "statusTrace" : "self = <scripts.test_002_loginByCaptcha.Test_loginByCaptcha object at 0x000001BD9A424100>\n\n    def test_loginByCaptcha(self):\n        with allure.step('点击同意服务协议'):\n            self.page.login().click_agree_login()\n        with allure.step('点击手机号登录'):\n            self.page.login().click_phone_login()\n        with allure.step('输入手机号'):\n            self.page.login_phone().input_phone(str(phone))\n        with allure.step('点击获取验证码按钮'):\n            self.page.login_phone().click_getCaptcha()\n            time.sleep(2)\n        with allure.step('正式服数据库拿验证码'):\n            captcha = pd.read_sql('select captcha FROM t_captcha WHERE phone = \"' + str(phone) + '\" order by postTime desc',engine)\n            captcha = captcha.iloc[0, 0]\n        with allure.step('输入验证码'):\n            self.page.login_phone_captcha().input_captcha(str(captcha))\n        with allure.step('点击完成'):\n            self.page.login_phone_captcha().click_loginBtn()\n        with allure.step('第一次进入，点击我知道了'):\n            time.sleep(8)\n            self.page.login().tapScreen(0.5,0.6)\n    #     with allure.step('断言:登录成功'):\n    #         assert self.page.shouye().check_shouye() == True\n    #\n    # def test_logout(self):\n        with allure.step('点击更多按钮'):\n>           self.page.more().click_more()\n\ntest_002_loginByCaptcha.py:55: \n_ _ _ _ _ _ _ _ _ _ _ _ _ _ _ _ _ _ _ _ _ _ _ _ _ _ _ _ _ _ _ _ _ _ _ _ _ _ _ _\n..\\Pages\\personal_information\\more_page.py:46: in click_more\n    self.click(self.moreBtn)\n..\\base\\base_action.py:27: in click\n    self.find_element(feature).click()\n..\\base\\base_action.py:22: in find_element\n    element = WebDriverWait(self.driver, timeout, poll).until(lambda x: x.find_element(feature_by, feature_value))\n_ _ _ _ _ _ _ _ _ _ _ _ _ _ _ _ _ _ _ _ _ _ _ _ _ _ _ _ _ _ _ _ _ _ _ _ _ _ _ _\n\nself = <selenium.webdriver.support.wait.WebDriverWait (session=\"92408340-568a-4391-9b73-3ff0c94bd7bd\")>\nmethod = <function BaseAction.find_element.<locals>.<lambda> at 0x000001BDA66955E0>\nmessage = ''\n\n    def until(self, method, message=''):\n        \"\"\"Calls the method provided with the driver as an argument until the \\\n        return value is not False.\"\"\"\n        screen = None\n        stacktrace = None\n    \n        end_time = time.time() + self._timeout\n        while True:\n            try:\n                value = method(self._driver)\n                if value:\n                    return value\n            except self._ignored_exceptions as exc:\n                screen = getattr(exc, 'screen', None)\n                stacktrace = getattr(exc, 'stacktrace', None)\n            time.sleep(self._poll)\n            if time.time() > end_time:\n                break\n>       raise TimeoutException(message, screen, stacktrace)\nE       selenium.common.exceptions.TimeoutException: Message:\n\nc:\\python38\\lib\\site-packages\\selenium\\webdriver\\support\\wait.py:80: TimeoutException",
    "steps" : [ {
      "name" : "点击同意服务协议",
      "time" : {
        "start" : 1614260994432,
        "stop" : 1614261001856,
        "duration" : 7424
      },
      "status" : "passed",
      "steps" : [ ],
      "attachments" : [ ],
      "parameters" : [ ],
      "stepsCount" : 0,
      "hasContent" : false,
      "attachmentsCount" : 0,
      "shouldDisplayMessage" : false
    }, {
      "name" : "点击手机号登录",
      "time" : {
        "start" : 1614261001856,
        "stop" : 1614261005997,
        "duration" : 4141
      },
      "status" : "passed",
      "steps" : [ ],
      "attachments" : [ ],
      "parameters" : [ ],
      "stepsCount" : 0,
      "hasContent" : false,
      "attachmentsCount" : 0,
      "shouldDisplayMessage" : false
    }, {
      "name" : "输入手机号",
      "time" : {
        "start" : 1614261005997,
        "stop" : 1614261011043,
        "duration" : 5046
      },
      "status" : "passed",
      "steps" : [ ],
      "attachments" : [ ],
      "parameters" : [ ],
      "stepsCount" : 0,
      "hasContent" : false,
      "attachmentsCount" : 0,
      "shouldDisplayMessage" : false
    }, {
      "name" : "点击获取验证码按钮",
      "time" : {
        "start" : 1614261011043,
        "stop" : 1614261013783,
        "duration" : 2740
      },
      "status" : "passed",
      "steps" : [ ],
      "attachments" : [ ],
      "parameters" : [ ],
      "stepsCount" : 0,
      "hasContent" : false,
      "attachmentsCount" : 0,
      "shouldDisplayMessage" : false
    }, {
      "name" : "正式服数据库拿验证码",
      "time" : {
        "start" : 1614261013783,
        "stop" : 1614261014251,
        "duration" : 468
      },
      "status" : "passed",
      "steps" : [ ],
      "attachments" : [ ],
      "parameters" : [ ],
      "stepsCount" : 0,
      "hasContent" : false,
      "attachmentsCount" : 0,
      "shouldDisplayMessage" : false
    }, {
      "name" : "输入验证码",
      "time" : {
        "start" : 1614261014252,
        "stop" : 1614261019477,
        "duration" : 5225
      },
      "status" : "passed",
      "steps" : [ ],
      "attachments" : [ ],
      "parameters" : [ ],
      "stepsCount" : 0,
      "hasContent" : false,
      "attachmentsCount" : 0,
      "shouldDisplayMessage" : false
    }, {
      "name" : "点击完成",
      "time" : {
        "start" : 1614261019477,
        "stop" : 1614261020203,
        "duration" : 726
      },
      "status" : "passed",
      "steps" : [ ],
      "attachments" : [ ],
      "parameters" : [ ],
      "stepsCount" : 0,
      "hasContent" : false,
      "attachmentsCount" : 0,
      "shouldDisplayMessage" : false
    }, {
      "name" : "第一次进入，点击我知道了",
      "time" : {
        "start" : 1614261020203,
        "stop" : 1614261028243,
        "duration" : 8040
      },
      "status" : "passed",
      "steps" : [ ],
      "attachments" : [ ],
      "parameters" : [ ],
      "stepsCount" : 0,
      "hasContent" : false,
      "attachmentsCount" : 0,
      "shouldDisplayMessage" : false
    }, {
      "name" : "点击更多按钮",
      "time" : {
        "start" : 1614261028243,
        "stop" : 1614261079755,
        "duration" : 51512
      },
      "status" : "broken",
      "statusMessage" : "selenium.common.exceptions.TimeoutException: Message: \n\n",
      "statusTrace" : "  File \"D:\\Jenkins\\workspace\\Timing\\scripts\\test_002_loginByCaptcha.py\", line 55, in test_loginByCaptcha\n    self.page.more().click_more()\n  File \"D:\\Jenkins\\workspace\\Timing\\Pages\\personal_information\\more_page.py\", line 46, in click_more\n    self.click(self.moreBtn)\n  File \"D:\\Jenkins\\workspace\\Timing\\base\\base_action.py\", line 27, in click\n    self.find_element(feature).click()\n  File \"D:\\Jenkins\\workspace\\Timing\\base\\base_action.py\", line 22, in find_element\n    element = WebDriverWait(self.driver, timeout, poll).until(lambda x: x.find_element(feature_by, feature_value))\n  File \"c:\\python38\\lib\\site-packages\\selenium\\webdriver\\support\\wait.py\", line 80, in until\n    raise TimeoutException(message, screen, stacktrace)\n",
      "steps" : [ ],
      "attachments" : [ ],
      "parameters" : [ ],
      "stepsCount" : 0,
      "hasContent" : true,
      "attachmentsCount" : 0,
      "shouldDisplayMessage" : true
    } ],
    "attachments" : [ ],
    "parameters" : [ ],
    "stepsCount" : 9,
    "hasContent" : true,
    "attachmentsCount" : 0,
    "shouldDisplayMessage" : true
  },
  "afterStages" : [ ],
  "labels" : [ {
    "name" : "suite",
    "value" : "test_002_loginByCaptcha"
  }, {
    "name" : "subSuite",
    "value" : "Test_loginByCaptcha"
  }, {
    "name" : "host",
    "value" : "WINDOWS-49AO44L"
  }, {
    "name" : "thread",
    "value" : "8816-MainThread"
  }, {
    "name" : "framework",
    "value" : "pytest"
  }, {
    "name" : "language",
    "value" : "cpython3"
  }, {
    "name" : "package",
    "value" : "test_002_loginByCaptcha"
  }, {
    "name" : "resultFormat",
    "value" : "allure2"
  } ],
  "parameters" : [ ],
  "links" : [ ],
  "hidden" : true,
  "retry" : true,
  "extra" : {
    "categories" : [ ],
    "tags" : [ ]
  },
  "source" : "36fbc295a75d3f4d.json",
  "parameterValues" : [ ]
}