{
  "uid" : "70bd32d525a2955c",
  "name" : "test_loginByCaptcha",
  "fullName" : "test_002_loginByCaptcha.Test_loginByCaptcha#test_loginByCaptcha",
  "historyId" : "2c4c0ff60efde21ca19a24ee615ea1aa",
  "time" : {
    "start" : 1614227106804,
    "stop" : 1614227198314,
    "duration" : 91510
  },
  "status" : "broken",
  "statusMessage" : "selenium.common.exceptions.TimeoutException: Message:",
  "statusTrace" : "self = <scripts.test_002_loginByCaptcha.Test_loginByCaptcha object at 0x0000023FB4FB60D0>\n\n    def test_loginByCaptcha(self):\n        with allure.step('点击同意服务协议'):\n            self.page.login().click_agree_login()\n        with allure.step('点击手机号登录'):\n            self.page.login().click_phone_login()\n        with allure.step('输入手机号'):\n            self.page.login_phone().input_phone(str(phone))\n        with allure.step('点击获取验证码按钮'):\n            self.page.login_phone().click_getCaptcha()\n            time.sleep(2)\n        with allure.step('正式服数据库拿验证码'):\n            captcha = pd.read_sql('select captcha FROM t_captcha WHERE phone = \"' + str(phone) + '\" order by postTime desc',engine)\n            captcha = captcha.iloc[0, 0]\n        with allure.step('输入验证码'):\n            self.page.login_phone_captcha().input_captcha(str(captcha))\n        with allure.step('点击完成'):\n            self.page.login_phone_captcha().click_loginBtn()\n        with allure.step('第一次进入，点击我知道了'):\n            time.sleep(8)\n            self.page.login().tapScreen(0.5,0.6)\n        with allure.step('断言:登录成功'):\n>           self.page.more().click_more()\n\ntest_002_loginByCaptcha.py:51: \n_ _ _ _ _ _ _ _ _ _ _ _ _ _ _ _ _ _ _ _ _ _ _ _ _ _ _ _ _ _ _ _ _ _ _ _ _ _ _ _\n..\\Pages\\personal_information\\more_page.py:46: in click_more\n    self.click(self.moreBtn)\n..\\base\\base_action.py:27: in click\n    self.find_element(feature).click()\n..\\base\\base_action.py:22: in find_element\n    element = WebDriverWait(self.driver, timeout, poll).until(lambda x: x.find_element(feature_by, feature_value))\n_ _ _ _ _ _ _ _ _ _ _ _ _ _ _ _ _ _ _ _ _ _ _ _ _ _ _ _ _ _ _ _ _ _ _ _ _ _ _ _\n\nself = <selenium.webdriver.support.wait.WebDriverWait (session=\"e7f1aeec-d2f6-469e-b029-1c28c311b0e2\")>\nmethod = <function BaseAction.find_element.<locals>.<lambda> at 0x0000023FC12058B0>\nmessage = ''\n\n    def until(self, method, message=''):\n        \"\"\"Calls the method provided with the driver as an argument until the \\\n        return value is not False.\"\"\"\n        screen = None\n        stacktrace = None\n    \n        end_time = time.time() + self._timeout\n        while True:\n            try:\n                value = method(self._driver)\n                if value:\n                    return value\n            except self._ignored_exceptions as exc:\n                screen = getattr(exc, 'screen', None)\n                stacktrace = getattr(exc, 'stacktrace', None)\n            time.sleep(self._poll)\n            if time.time() > end_time:\n                break\n>       raise TimeoutException(message, screen, stacktrace)\nE       selenium.common.exceptions.TimeoutException: Message:\n\nc:\\python38\\lib\\site-packages\\selenium\\webdriver\\support\\wait.py:80: TimeoutException",
  "flaky" : false,
  "newFailed" : false,
  "beforeStages" : [ ],
  "testStage" : {
    "status" : "broken",
    "statusMessage" : "selenium.common.exceptions.TimeoutException: Message:",
    "statusTrace" : "self = <scripts.test_002_loginByCaptcha.Test_loginByCaptcha object at 0x0000023FB4FB60D0>\n\n    def test_loginByCaptcha(self):\n        with allure.step('点击同意服务协议'):\n            self.page.login().click_agree_login()\n        with allure.step('点击手机号登录'):\n            self.page.login().click_phone_login()\n        with allure.step('输入手机号'):\n            self.page.login_phone().input_phone(str(phone))\n        with allure.step('点击获取验证码按钮'):\n            self.page.login_phone().click_getCaptcha()\n            time.sleep(2)\n        with allure.step('正式服数据库拿验证码'):\n            captcha = pd.read_sql('select captcha FROM t_captcha WHERE phone = \"' + str(phone) + '\" order by postTime desc',engine)\n            captcha = captcha.iloc[0, 0]\n        with allure.step('输入验证码'):\n            self.page.login_phone_captcha().input_captcha(str(captcha))\n        with allure.step('点击完成'):\n            self.page.login_phone_captcha().click_loginBtn()\n        with allure.step('第一次进入，点击我知道了'):\n            time.sleep(8)\n            self.page.login().tapScreen(0.5,0.6)\n        with allure.step('断言:登录成功'):\n>           self.page.more().click_more()\n\ntest_002_loginByCaptcha.py:51: \n_ _ _ _ _ _ _ _ _ _ _ _ _ _ _ _ _ _ _ _ _ _ _ _ _ _ _ _ _ _ _ _ _ _ _ _ _ _ _ _\n..\\Pages\\personal_information\\more_page.py:46: in click_more\n    self.click(self.moreBtn)\n..\\base\\base_action.py:27: in click\n    self.find_element(feature).click()\n..\\base\\base_action.py:22: in find_element\n    element = WebDriverWait(self.driver, timeout, poll).until(lambda x: x.find_element(feature_by, feature_value))\n_ _ _ _ _ _ _ _ _ _ _ _ _ _ _ _ _ _ _ _ _ _ _ _ _ _ _ _ _ _ _ _ _ _ _ _ _ _ _ _\n\nself = <selenium.webdriver.support.wait.WebDriverWait (session=\"e7f1aeec-d2f6-469e-b029-1c28c311b0e2\")>\nmethod = <function BaseAction.find_element.<locals>.<lambda> at 0x0000023FC12058B0>\nmessage = ''\n\n    def until(self, method, message=''):\n        \"\"\"Calls the method provided with the driver as an argument until the \\\n        return value is not False.\"\"\"\n        screen = None\n        stacktrace = None\n    \n        end_time = time.time() + self._timeout\n        while True:\n            try:\n                value = method(self._driver)\n                if value:\n                    return value\n            except self._ignored_exceptions as exc:\n                screen = getattr(exc, 'screen', None)\n                stacktrace = getattr(exc, 'stacktrace', None)\n            time.sleep(self._poll)\n            if time.time() > end_time:\n                break\n>       raise TimeoutException(message, screen, stacktrace)\nE       selenium.common.exceptions.TimeoutException: Message:\n\nc:\\python38\\lib\\site-packages\\selenium\\webdriver\\support\\wait.py:80: TimeoutException",
    "steps" : [ {
      "name" : "点击同意服务协议",
      "time" : {
        "start" : 1614227106804,
        "stop" : 1614227114338,
        "duration" : 7534
      },
      "status" : "passed",
      "steps" : [ ],
      "attachments" : [ ],
      "parameters" : [ ],
      "stepsCount" : 0,
      "hasContent" : false,
      "attachmentsCount" : 0,
      "shouldDisplayMessage" : false
    }, {
      "name" : "点击手机号登录",
      "time" : {
        "start" : 1614227114338,
        "stop" : 1614227118514,
        "duration" : 4176
      },
      "status" : "passed",
      "steps" : [ ],
      "attachments" : [ ],
      "parameters" : [ ],
      "stepsCount" : 0,
      "hasContent" : false,
      "attachmentsCount" : 0,
      "shouldDisplayMessage" : false
    }, {
      "name" : "输入手机号",
      "time" : {
        "start" : 1614227118515,
        "stop" : 1614227123519,
        "duration" : 5004
      },
      "status" : "passed",
      "steps" : [ ],
      "attachments" : [ ],
      "parameters" : [ ],
      "stepsCount" : 0,
      "hasContent" : false,
      "attachmentsCount" : 0,
      "shouldDisplayMessage" : false
    }, {
      "name" : "点击获取验证码按钮",
      "time" : {
        "start" : 1614227123519,
        "stop" : 1614227126268,
        "duration" : 2749
      },
      "status" : "passed",
      "steps" : [ ],
      "attachments" : [ ],
      "parameters" : [ ],
      "stepsCount" : 0,
      "hasContent" : false,
      "attachmentsCount" : 0,
      "shouldDisplayMessage" : false
    }, {
      "name" : "正式服数据库拿验证码",
      "time" : {
        "start" : 1614227126268,
        "stop" : 1614227126690,
        "duration" : 422
      },
      "status" : "passed",
      "steps" : [ ],
      "attachments" : [ ],
      "parameters" : [ ],
      "stepsCount" : 0,
      "hasContent" : false,
      "attachmentsCount" : 0,
      "shouldDisplayMessage" : false
    }, {
      "name" : "输入验证码",
      "time" : {
        "start" : 1614227126690,
        "stop" : 1614227132092,
        "duration" : 5402
      },
      "status" : "passed",
      "steps" : [ ],
      "attachments" : [ ],
      "parameters" : [ ],
      "stepsCount" : 0,
      "hasContent" : false,
      "attachmentsCount" : 0,
      "shouldDisplayMessage" : false
    }, {
      "name" : "点击完成",
      "time" : {
        "start" : 1614227132092,
        "stop" : 1614227135738,
        "duration" : 3646
      },
      "status" : "passed",
      "steps" : [ ],
      "attachments" : [ ],
      "parameters" : [ ],
      "stepsCount" : 0,
      "hasContent" : false,
      "attachmentsCount" : 0,
      "shouldDisplayMessage" : false
    }, {
      "name" : "第一次进入，点击我知道了",
      "time" : {
        "start" : 1614227135738,
        "stop" : 1614227143766,
        "duration" : 8028
      },
      "status" : "passed",
      "steps" : [ ],
      "attachments" : [ ],
      "parameters" : [ ],
      "stepsCount" : 0,
      "hasContent" : false,
      "attachmentsCount" : 0,
      "shouldDisplayMessage" : false
    }, {
      "name" : "断言:登录成功",
      "time" : {
        "start" : 1614227143767,
        "stop" : 1614227198301,
        "duration" : 54534
      },
      "status" : "broken",
      "statusMessage" : "selenium.common.exceptions.TimeoutException: Message: \n\n",
      "statusTrace" : "  File \"D:\\Jenkins\\workspace\\Timing\\scripts\\test_002_loginByCaptcha.py\", line 51, in test_loginByCaptcha\n    self.page.more().click_more()\n  File \"D:\\Jenkins\\workspace\\Timing\\Pages\\personal_information\\more_page.py\", line 46, in click_more\n    self.click(self.moreBtn)\n  File \"D:\\Jenkins\\workspace\\Timing\\base\\base_action.py\", line 27, in click\n    self.find_element(feature).click()\n  File \"D:\\Jenkins\\workspace\\Timing\\base\\base_action.py\", line 22, in find_element\n    element = WebDriverWait(self.driver, timeout, poll).until(lambda x: x.find_element(feature_by, feature_value))\n  File \"c:\\python38\\lib\\site-packages\\selenium\\webdriver\\support\\wait.py\", line 80, in until\n    raise TimeoutException(message, screen, stacktrace)\n",
      "steps" : [ ],
      "attachments" : [ ],
      "parameters" : [ ],
      "stepsCount" : 0,
      "hasContent" : true,
      "attachmentsCount" : 0,
      "shouldDisplayMessage" : true
    } ],
    "attachments" : [ ],
    "parameters" : [ ],
    "stepsCount" : 9,
    "hasContent" : true,
    "attachmentsCount" : 0,
    "shouldDisplayMessage" : true
  },
  "afterStages" : [ ],
  "labels" : [ {
    "name" : "suite",
    "value" : "test_002_loginByCaptcha"
  }, {
    "name" : "subSuite",
    "value" : "Test_loginByCaptcha"
  }, {
    "name" : "host",
    "value" : "WINDOWS-49AO44L"
  }, {
    "name" : "thread",
    "value" : "7156-MainThread"
  }, {
    "name" : "framework",
    "value" : "pytest"
  }, {
    "name" : "language",
    "value" : "cpython3"
  }, {
    "name" : "package",
    "value" : "test_002_loginByCaptcha"
  }, {
    "name" : "resultFormat",
    "value" : "allure2"
  } ],
  "parameters" : [ ],
  "links" : [ ],
  "hidden" : true,
  "retry" : true,
  "extra" : {
    "categories" : [ ],
    "tags" : [ ]
  },
  "source" : "70bd32d525a2955c.json",
  "parameterValues" : [ ]
}