{"name": "test_friendTimeLess", "status": "broken", "statusDetails": {"message": "selenium.common.exceptions.TimeoutException: Message:", "trace": "self = <scripts.test_046_friendTime.Test_friendTime object at 0x00000256341A81F0>\n\n    def test_friendTimeLess(self):\n        with allure.step('点击结伴学习'):\n            self.page.shouye().click_startStudyBtn()\n        # with allure.step('输入学习内容'):\n        #     time.sleep(3)\n        #     self.page.firend_timing().input_friendTimeBox(12345)\n        with allure.step('点击创建按钮'):\n>           self.page.firend_timing().click_beginTimeBtn()\n\ntest_046_friendTime.py:27: \n_ _ _ _ _ _ _ _ _ _ _ _ _ _ _ _ _ _ _ _ _ _ _ _ _ _ _ _ _ _ _ _ _ _ _ _ _ _ _ _\n..\\Pages\\timed_learning\\friend_timing_page.py:23: in click_beginTimeBtn\n    self.click(self.beginTimeBtn)\n..\\base\\base_action.py:27: in click\n    self.find_element(feature).click()\n..\\base\\base_action.py:22: in find_element\n    element = WebDriverWait(self.driver, timeout, poll).until(lambda x: x.find_element(feature_by, feature_value))\n_ _ _ _ _ _ _ _ _ _ _ _ _ _ _ _ _ _ _ _ _ _ _ _ _ _ _ _ _ _ _ _ _ _ _ _ _ _ _ _\n\nself = <selenium.webdriver.support.wait.WebDriverWait (session=\"488f1a3a-463c-454f-b162-316a80075d48\")>\nmethod = <function BaseAction.find_element.<locals>.<lambda> at 0x000002563310DF70>\nmessage = ''\n\n    def until(self, method, message=''):\n        \"\"\"Calls the method provided with the driver as an argument until the \\\n        return value is not False.\"\"\"\n        screen = None\n        stacktrace = None\n    \n        end_time = time.time() + self._timeout\n        while True:\n            try:\n                value = method(self._driver)\n                if value:\n                    return value\n            except self._ignored_exceptions as exc:\n                screen = getattr(exc, 'screen', None)\n                stacktrace = getattr(exc, 'stacktrace', None)\n            time.sleep(self._poll)\n            if time.time() > end_time:\n                break\n>       raise TimeoutException(message, screen, stacktrace)\nE       selenium.common.exceptions.TimeoutException: Message:\n\nc:\\python38\\lib\\site-packages\\selenium\\webdriver\\support\\wait.py:80: TimeoutException"}, "steps": [{"name": "点击结伴学习", "status": "passed", "start": 1616596857257, "stop": 1616596864913}, {"name": "点击创建按钮", "status": "broken", "statusDetails": {"message": "selenium.common.exceptions.TimeoutException: Message: \n\n", "trace": "  File \"D:\\Jenkins\\workspace\\Timing\\scripts\\test_046_friendTime.py\", line 27, in test_friendTimeLess\n    self.page.firend_timing().click_beginTimeBtn()\n  File \"D:\\Jenkins\\workspace\\Timing\\Pages\\timed_learning\\friend_timing_page.py\", line 23, in click_beginTimeBtn\n    self.click(self.beginTimeBtn)\n  File \"D:\\Jenkins\\workspace\\Timing\\base\\base_action.py\", line 27, in click\n    self.find_element(feature).click()\n  File \"D:\\Jenkins\\workspace\\Timing\\base\\base_action.py\", line 22, in find_element\n    element = WebDriverWait(self.driver, timeout, poll).until(lambda x: x.find_element(feature_by, feature_value))\n  File \"c:\\python38\\lib\\site-packages\\selenium\\webdriver\\support\\wait.py\", line 80, in until\n    raise TimeoutException(message, screen, stacktrace)\n"}, "start": 1616596864913, "stop": 1616596916504}], "start": 1616596857257, "stop": 1616596916505, "uuid": "acbb3a9f-9654-4ea1-a09c-350f7a35525a", "historyId": "a07f0b8cafafc81571f0a1425253d81b", "testCaseId": "26dc2ea450a39b8c0c9262ce20935848", "fullName": "test_046_friendTime.Test_friendTime#test_friendTimeLess", "labels": [{"name": "suite", "value": "test_046_friendTime"}, {"name": "subSuite", "value": "Test_friendTime"}, {"name": "host", "value": "WINDOWS-49AO44L"}, {"name": "thread", "value": "17260-MainThread"}, {"name": "framework", "value": "pytest"}, {"name": "language", "value": "cpython3"}, {"name": "package", "value": "test_046_friendTime"}]}