{"name": "test_tomatoTimeLess", "status": "broken", "statusDetails": {"message": "selenium.common.exceptions.TimeoutException: Message:", "trace": "self = <scripts.test_042_tomatoTime.Test_tomatoTime object at 0x000001B7E106D250>\n\n    def test_tomatoTimeLess(self):\n        with allure.step('进入更多页'):\n>           self.page.more().click_more()\n\ntest_042_tomatoTime.py:24: \n_ _ _ _ _ _ _ _ _ _ _ _ _ _ _ _ _ _ _ _ _ _ _ _ _ _ _ _ _ _ _ _ _ _ _ _ _ _ _ _\n..\\Pages\\personal_information\\more_page.py:46: in click_more\n    self.click(self.moreBtn)\n..\\base\\base_action.py:27: in click\n    self.find_element(feature).click()\n..\\base\\base_action.py:22: in find_element\n    element = WebDriverWait(self.driver, timeout, poll).until(lambda x: x.find_element(feature_by, feature_value))\n_ _ _ _ _ _ _ _ _ _ _ _ _ _ _ _ _ _ _ _ _ _ _ _ _ _ _ _ _ _ _ _ _ _ _ _ _ _ _ _\n\nself = <selenium.webdriver.support.wait.WebDriverWait (session=\"268f19f6-7415-4d9b-b486-52a04a61e896\")>\nmethod = <function BaseAction.find_element.<locals>.<lambda> at 0x000001B7E11823A0>\nmessage = ''\n\n    def until(self, method, message=''):\n        \"\"\"Calls the method provided with the driver as an argument until the \\\n        return value is not False.\"\"\"\n        screen = None\n        stacktrace = None\n    \n        end_time = time.time() + self._timeout\n        while True:\n            try:\n                value = method(self._driver)\n                if value:\n                    return value\n            except self._ignored_exceptions as exc:\n                screen = getattr(exc, 'screen', None)\n                stacktrace = getattr(exc, 'stacktrace', None)\n            time.sleep(self._poll)\n            if time.time() > end_time:\n                break\n>       raise TimeoutException(message, screen, stacktrace)\nE       selenium.common.exceptions.TimeoutException: Message:\n\nc:\\python38\\lib\\site-packages\\selenium\\webdriver\\support\\wait.py:80: TimeoutException"}, "steps": [{"name": "进入更多页", "status": "broken", "statusDetails": {"message": "selenium.common.exceptions.TimeoutException: Message: \n\n", "trace": "  File \"D:\\Jenkins\\workspace\\Timing\\scripts\\test_042_tomatoTime.py\", line 24, in test_tomatoTimeLess\n    self.page.more().click_more()\n  File \"D:\\Jenkins\\workspace\\Timing\\Pages\\personal_information\\more_page.py\", line 46, in click_more\n    self.click(self.moreBtn)\n  File \"D:\\Jenkins\\workspace\\Timing\\base\\base_action.py\", line 27, in click\n    self.find_element(feature).click()\n  File \"D:\\Jenkins\\workspace\\Timing\\base\\base_action.py\", line 22, in find_element\n    element = WebDriverWait(self.driver, timeout, poll).until(lambda x: x.find_element(feature_by, feature_value))\n  File \"c:\\python38\\lib\\site-packages\\selenium\\webdriver\\support\\wait.py\", line 80, in until\n    raise TimeoutException(message, screen, stacktrace)\n"}, "start": 1615016121725, "stop": 1615016172890}], "start": 1615016121725, "stop": 1615016172890, "uuid": "8be50e76-d268-45de-9d9a-71dc06d49e96", "historyId": "9244ace3084c4aecd35e28d39488e91c", "testCaseId": "9d6f93257f78425185e3b6548c699edc", "fullName": "test_042_tomatoTime.Test_tomatoTime#test_tomatoTimeLess", "labels": [{"name": "suite", "value": "test_042_tomatoTime"}, {"name": "subSuite", "value": "Test_tomatoTime"}, {"name": "host", "value": "WINDOWS-49AO44L"}, {"name": "thread", "value": "19192-MainThread"}, {"name": "framework", "value": "pytest"}, {"name": "language", "value": "cpython3"}, {"name": "package", "value": "test_042_tomatoTime"}]}