{"name": "test_friendTimeEnough", "status": "broken", "statusDetails": {"message": "selenium.common.exceptions.TimeoutException: Message:", "trace": "self = <scripts.test_046_friendTime.Test_friendTime object at 0x0000022C09D67670>\n\n    def test_friendTimeEnough(self):\n        with allure.step('进入更多页'):\n            self.page.more().click_more()\n        with allure.step('点击道友结伴'):\n            self.page.timing().click_friendTimeBtn()\n        with allure.step('输入学习内容'):\n            time.sleep(3)\n            self.page.firend_timing().input_friendTimeBox(12345)\n        with allure.step('点击开始学习按钮'):\n            self.page.firend_timing().click_beginTimeBtn()\n        with allure.step('计时超过60s'):\n            time.sleep(60)\n        with allure.step('点击结束学习'):\n            self.page.firend_timing().click_endTimeBtn()\n        with allure.step('确认结束学习'):\n            self.page.firend_timing().click_endTimeYesBtn()\n        with allure.step('点击去打卡按钮'):\n            time.sleep(2)\n>           self.page.firend_timing().click_gotoDaka()\n\ntest_046_friendTime.py:55: \n_ _ _ _ _ _ _ _ _ _ _ _ _ _ _ _ _ _ _ _ _ _ _ _ _ _ _ _ _ _ _ _ _ _ _ _ _ _ _ _\n..\\Pages\\timed_learning\\friend_timing_page.py:29: in click_gotoDaka\n    self.click(self.gotoDaka)\n..\\base\\base_action.py:27: in click\n    self.find_element(feature).click()\n..\\base\\base_action.py:22: in find_element\n    element = WebDriverWait(self.driver, timeout, poll).until(lambda x: x.find_element(feature_by, feature_value))\n_ _ _ _ _ _ _ _ _ _ _ _ _ _ _ _ _ _ _ _ _ _ _ _ _ _ _ _ _ _ _ _ _ _ _ _ _ _ _ _\n\nself = <selenium.webdriver.support.wait.WebDriverWait (session=\"a8ac601c-bcf5-4bad-818b-8c28ba75394b\")>\nmethod = <function BaseAction.find_element.<locals>.<lambda> at 0x0000022C09D49790>\nmessage = ''\n\n    def until(self, method, message=''):\n        \"\"\"Calls the method provided with the driver as an argument until the \\\n        return value is not False.\"\"\"\n        screen = None\n        stacktrace = None\n    \n        end_time = time.time() + self._timeout\n        while True:\n            try:\n                value = method(self._driver)\n                if value:\n                    return value\n            except self._ignored_exceptions as exc:\n                screen = getattr(exc, 'screen', None)\n                stacktrace = getattr(exc, 'stacktrace', None)\n            time.sleep(self._poll)\n            if time.time() > end_time:\n                break\n>       raise TimeoutException(message, screen, stacktrace)\nE       selenium.common.exceptions.TimeoutException: Message:\n\nc:\\python38\\lib\\site-packages\\selenium\\webdriver\\support\\wait.py:80: TimeoutException"}, "steps": [{"name": "进入更多页", "status": "passed", "start": 1614166765411, "stop": 1614166769735}, {"name": "点击道友结伴", "status": "passed", "start": 1614166769735, "stop": 1614166772133}, {"name": "输入学习内容", "status": "passed", "start": 1614166772133, "stop": 1614166779652}, {"name": "点击开始学习按钮", "status": "passed", "start": 1614166779652, "stop": 1614166780297}, {"name": "计时超过60s", "status": "passed", "start": 1614166780297, "stop": 1614166840297}, {"name": "点击结束学习", "status": "passed", "start": 1614166840297, "stop": 1614166840476}, {"name": "确认结束学习", "status": "passed", "start": 1614166840476, "stop": 1614166841518}, {"name": "点击去打卡按钮", "status": "broken", "statusDetails": {"message": "selenium.common.exceptions.TimeoutException: Message: \n\n", "trace": "  File \"D:\\Jenkins\\workspace\\Timing\\scripts\\test_046_friendTime.py\", line 55, in test_friendTimeEnough\n    self.page.firend_timing().click_gotoDaka()\n  File \"D:\\Jenkins\\workspace\\Timing\\Pages\\timed_learning\\friend_timing_page.py\", line 29, in click_gotoDaka\n    self.click(self.gotoDaka)\n  File \"D:\\Jenkins\\workspace\\Timing\\base\\base_action.py\", line 27, in click\n    self.find_element(feature).click()\n  File \"D:\\Jenkins\\workspace\\Timing\\base\\base_action.py\", line 22, in find_element\n    element = WebDriverWait(self.driver, timeout, poll).until(lambda x: x.find_element(feature_by, feature_value))\n  File \"c:\\python38\\lib\\site-packages\\selenium\\webdriver\\support\\wait.py\", line 80, in until\n    raise TimeoutException(message, screen, stacktrace)\n"}, "start": 1614166841518, "stop": 1614166894729}], "start": 1614166765411, "stop": 1614166894729, "uuid": "96bc8f4b-bf4d-40df-9cdb-6e614bfb2c5c", "historyId": "a0ba2d73cab4badd7d27b95a77cb9b91", "testCaseId": "5f82fc405be9923a9423d64bd1d1a6b7", "fullName": "test_046_friendTime.Test_friendTime#test_friendTimeEnough", "labels": [{"name": "suite", "value": "test_046_friendTime"}, {"name": "subSuite", "value": "Test_friendTime"}, {"name": "host", "value": "WINDOWS-49AO44L"}, {"name": "thread", "value": "12344-MainThread"}, {"name": "framework", "value": "pytest"}, {"name": "language", "value": "cpython3"}, {"name": "package", "value": "test_046_friendTime"}]}