{"name": "test_studyTimeLess", "status": "broken", "statusDetails": {"message": "selenium.common.exceptions.TimeoutException: Message:", "trace": "self = <scripts.test_041_studyTime.Test_studyTime object at 0x000001B7E222D3D0>\n\n    def test_studyTimeLess(self):\n        with allure.step('进入更多页'):\n>           self.page.more().click_more()\n\ntest_041_studyTime.py:23: \n_ _ _ _ _ _ _ _ _ _ _ _ _ _ _ _ _ _ _ _ _ _ _ _ _ _ _ _ _ _ _ _ _ _ _ _ _ _ _ _\n..\\Pages\\personal_information\\more_page.py:46: in click_more\n    self.click(self.moreBtn)\n..\\base\\base_action.py:27: in click\n    self.find_element(feature).click()\n..\\base\\base_action.py:22: in find_element\n    element = WebDriverWait(self.driver, timeout, poll).until(lambda x: x.find_element(feature_by, feature_value))\n_ _ _ _ _ _ _ _ _ _ _ _ _ _ _ _ _ _ _ _ _ _ _ _ _ _ _ _ _ _ _ _ _ _ _ _ _ _ _ _\n\nself = <selenium.webdriver.support.wait.WebDriverWait (session=\"25f9b1f2-8735-4f8a-b20a-41ca290bec65\")>\nmethod = <function BaseAction.find_element.<locals>.<lambda> at 0x000001B7D5015C10>\nmessage = ''\n\n    def until(self, method, message=''):\n        \"\"\"Calls the method provided with the driver as an argument until the \\\n        return value is not False.\"\"\"\n        screen = None\n        stacktrace = None\n    \n        end_time = time.time() + self._timeout\n        while True:\n            try:\n                value = method(self._driver)\n                if value:\n                    return value\n            except self._ignored_exceptions as exc:\n                screen = getattr(exc, 'screen', None)\n                stacktrace = getattr(exc, 'stacktrace', None)\n            time.sleep(self._poll)\n            if time.time() > end_time:\n                break\n>       raise TimeoutException(message, screen, stacktrace)\nE       selenium.common.exceptions.TimeoutException: Message:\n\nc:\\python38\\lib\\site-packages\\selenium\\webdriver\\support\\wait.py:80: TimeoutException"}, "steps": [{"name": "进入更多页", "status": "broken", "statusDetails": {"message": "selenium.common.exceptions.TimeoutException: Message: \n\n", "trace": "  File \"D:\\Jenkins\\workspace\\Timing\\scripts\\test_041_studyTime.py\", line 23, in test_studyTimeLess\n    self.page.more().click_more()\n  File \"D:\\Jenkins\\workspace\\Timing\\Pages\\personal_information\\more_page.py\", line 46, in click_more\n    self.click(self.moreBtn)\n  File \"D:\\Jenkins\\workspace\\Timing\\base\\base_action.py\", line 27, in click\n    self.find_element(feature).click()\n  File \"D:\\Jenkins\\workspace\\Timing\\base\\base_action.py\", line 22, in find_element\n    element = WebDriverWait(self.driver, timeout, poll).until(lambda x: x.find_element(feature_by, feature_value))\n  File \"c:\\python38\\lib\\site-packages\\selenium\\webdriver\\support\\wait.py\", line 80, in until\n    raise TimeoutException(message, screen, stacktrace)\n"}, "start": 1615016013332, "stop": 1615016064413}], "start": 1615016013332, "stop": 1615016064413, "uuid": "fae96186-97a0-4000-9823-bf470f986780", "historyId": "e4827d8dbf89d25f32b26b525ec44d24", "testCaseId": "d5c8306918734384c03162b6f70f6777", "fullName": "test_041_studyTime.Test_studyTime#test_studyTimeLess", "labels": [{"name": "suite", "value": "test_041_studyTime"}, {"name": "subSuite", "value": "Test_studyTime"}, {"name": "host", "value": "WINDOWS-49AO44L"}, {"name": "thread", "value": "19192-MainThread"}, {"name": "framework", "value": "pytest"}, {"name": "language", "value": "cpython3"}, {"name": "package", "value": "test_041_studyTime"}]}