{"name": "test_loginByCaptcha", "status": "broken", "statusDetails": {"message": "selenium.common.exceptions.TimeoutException: Message:", "trace": "self = <scripts.test_002_loginByCaptcha.Test_loginByCaptcha object at 0x0000023FB4FB60D0>\n\n    def test_loginByCaptcha(self):\n        with allure.step('点击同意服务协议'):\n            self.page.login().click_agree_login()\n        with allure.step('点击手机号登录'):\n            self.page.login().click_phone_login()\n        with allure.step('输入手机号'):\n            self.page.login_phone().input_phone(str(phone))\n        with allure.step('点击获取验证码按钮'):\n            self.page.login_phone().click_getCaptcha()\n            time.sleep(2)\n        with allure.step('正式服数据库拿验证码'):\n            captcha = pd.read_sql('select captcha FROM t_captcha WHERE phone = \"' + str(phone) + '\" order by postTime desc',engine)\n            captcha = captcha.iloc[0, 0]\n        with allure.step('输入验证码'):\n            self.page.login_phone_captcha().input_captcha(str(captcha))\n        with allure.step('点击完成'):\n            self.page.login_phone_captcha().click_loginBtn()\n        with allure.step('第一次进入，点击我知道了'):\n            time.sleep(8)\n            self.page.login().tapScreen(0.5,0.6)\n        with allure.step('断言:登录成功'):\n>           self.page.more().click_more()\n\ntest_002_loginByCaptcha.py:51: \n_ _ _ _ _ _ _ _ _ _ _ _ _ _ _ _ _ _ _ _ _ _ _ _ _ _ _ _ _ _ _ _ _ _ _ _ _ _ _ _\n..\\Pages\\personal_information\\more_page.py:46: in click_more\n    self.click(self.moreBtn)\n..\\base\\base_action.py:27: in click\n    self.find_element(feature).click()\n..\\base\\base_action.py:22: in find_element\n    element = WebDriverWait(self.driver, timeout, poll).until(lambda x: x.find_element(feature_by, feature_value))\n_ _ _ _ _ _ _ _ _ _ _ _ _ _ _ _ _ _ _ _ _ _ _ _ _ _ _ _ _ _ _ _ _ _ _ _ _ _ _ _\n\nself = <selenium.webdriver.support.wait.WebDriverWait (session=\"e7f1aeec-d2f6-469e-b029-1c28c311b0e2\")>\nmethod = <function BaseAction.find_element.<locals>.<lambda> at 0x0000023FC12058B0>\nmessage = ''\n\n    def until(self, method, message=''):\n        \"\"\"Calls the method provided with the driver as an argument until the \\\n        return value is not False.\"\"\"\n        screen = None\n        stacktrace = None\n    \n        end_time = time.time() + self._timeout\n        while True:\n            try:\n                value = method(self._driver)\n                if value:\n                    return value\n            except self._ignored_exceptions as exc:\n                screen = getattr(exc, 'screen', None)\n                stacktrace = getattr(exc, 'stacktrace', None)\n            time.sleep(self._poll)\n            if time.time() > end_time:\n                break\n>       raise TimeoutException(message, screen, stacktrace)\nE       selenium.common.exceptions.TimeoutException: Message:\n\nc:\\python38\\lib\\site-packages\\selenium\\webdriver\\support\\wait.py:80: TimeoutException"}, "steps": [{"name": "点击同意服务协议", "status": "passed", "start": 1614227106804, "stop": 1614227114338}, {"name": "点击手机号登录", "status": "passed", "start": 1614227114338, "stop": 1614227118514}, {"name": "输入手机号", "status": "passed", "start": 1614227118515, "stop": 1614227123519}, {"name": "点击获取验证码按钮", "status": "passed", "start": 1614227123519, "stop": 1614227126268}, {"name": "正式服数据库拿验证码", "status": "passed", "start": 1614227126268, "stop": 1614227126690}, {"name": "输入验证码", "status": "passed", "start": 1614227126690, "stop": 1614227132092}, {"name": "点击完成", "status": "passed", "start": 1614227132092, "stop": 1614227135738}, {"name": "第一次进入，点击我知道了", "status": "passed", "start": 1614227135738, "stop": 1614227143766}, {"name": "断言:登录成功", "status": "broken", "statusDetails": {"message": "selenium.common.exceptions.TimeoutException: Message: \n\n", "trace": "  File \"D:\\Jenkins\\workspace\\Timing\\scripts\\test_002_loginByCaptcha.py\", line 51, in test_loginByCaptcha\n    self.page.more().click_more()\n  File \"D:\\Jenkins\\workspace\\Timing\\Pages\\personal_information\\more_page.py\", line 46, in click_more\n    self.click(self.moreBtn)\n  File \"D:\\Jenkins\\workspace\\Timing\\base\\base_action.py\", line 27, in click\n    self.find_element(feature).click()\n  File \"D:\\Jenkins\\workspace\\Timing\\base\\base_action.py\", line 22, in find_element\n    element = WebDriverWait(self.driver, timeout, poll).until(lambda x: x.find_element(feature_by, feature_value))\n  File \"c:\\python38\\lib\\site-packages\\selenium\\webdriver\\support\\wait.py\", line 80, in until\n    raise TimeoutException(message, screen, stacktrace)\n"}, "start": 1614227143767, "stop": 1614227198301}], "start": 1614227106804, "stop": 1614227198314, "uuid": "323592c6-2f67-4f61-95b5-96e92d5922ae", "historyId": "2c4c0ff60efde21ca19a24ee615ea1aa", "testCaseId": "e24a03efba8a25f124707d326bb396db", "fullName": "test_002_loginByCaptcha.Test_loginByCaptcha#test_loginByCaptcha", "labels": [{"name": "suite", "value": "test_002_loginByCaptcha"}, {"name": "subSuite", "value": "Test_loginByCaptcha"}, {"name": "host", "value": "WINDOWS-49AO44L"}, {"name": "thread", "value": "7156-MainThread"}, {"name": "framework", "value": "pytest"}, {"name": "language", "value": "cpython3"}, {"name": "package", "value": "test_002_loginByCaptcha"}]}