{"name": "test_changeNickname", "status": "broken", "statusDetails": {"message": "selenium.common.exceptions.TimeoutException: Message:", "trace": "self = <scripts.test_051_changeNickname.Test_changeNickname object at 0x000001B7E223E430>\n\n    def test_changeNickname(self):\n        with allure.step('点击更多按钮'):\n>           self.page.more().click_more()\n\ntest_051_changeNickname.py:24: \n_ _ _ _ _ _ _ _ _ _ _ _ _ _ _ _ _ _ _ _ _ _ _ _ _ _ _ _ _ _ _ _ _ _ _ _ _ _ _ _\n..\\Pages\\personal_information\\more_page.py:46: in click_more\n    self.click(self.moreBtn)\n..\\base\\base_action.py:27: in click\n    self.find_element(feature).click()\n..\\base\\base_action.py:22: in find_element\n    element = WebDriverWait(self.driver, timeout, poll).until(lambda x: x.find_element(feature_by, feature_value))\n_ _ _ _ _ _ _ _ _ _ _ _ _ _ _ _ _ _ _ _ _ _ _ _ _ _ _ _ _ _ _ _ _ _ _ _ _ _ _ _\n\nself = <selenium.webdriver.support.wait.WebDriverWait (session=\"ad38d324-417d-4aba-bf95-e17e21cff808\")>\nmethod = <function BaseAction.find_element.<locals>.<lambda> at 0x000001B7E2239C10>\nmessage = ''\n\n    def until(self, method, message=''):\n        \"\"\"Calls the method provided with the driver as an argument until the \\\n        return value is not False.\"\"\"\n        screen = None\n        stacktrace = None\n    \n        end_time = time.time() + self._timeout\n        while True:\n            try:\n                value = method(self._driver)\n                if value:\n                    return value\n            except self._ignored_exceptions as exc:\n                screen = getattr(exc, 'screen', None)\n                stacktrace = getattr(exc, 'stacktrace', None)\n            time.sleep(self._poll)\n            if time.time() > end_time:\n                break\n>       raise TimeoutException(message, screen, stacktrace)\nE       selenium.common.exceptions.TimeoutException: Message:\n\nc:\\python38\\lib\\site-packages\\selenium\\webdriver\\support\\wait.py:80: TimeoutException"}, "steps": [{"name": "点击更多按钮", "status": "broken", "statusDetails": {"message": "selenium.common.exceptions.TimeoutException: Message: \n\n", "trace": "  File \"D:\\Jenkins\\workspace\\Timing\\scripts\\test_051_changeNickname.py\", line 24, in test_changeNickname\n    self.page.more().click_more()\n  File \"D:\\Jenkins\\workspace\\Timing\\Pages\\personal_information\\more_page.py\", line 46, in click_more\n    self.click(self.moreBtn)\n  File \"D:\\Jenkins\\workspace\\Timing\\base\\base_action.py\", line 27, in click\n    self.find_element(feature).click()\n  File \"D:\\Jenkins\\workspace\\Timing\\base\\base_action.py\", line 22, in find_element\n    element = WebDriverWait(self.driver, timeout, poll).until(lambda x: x.find_element(feature_by, feature_value))\n  File \"c:\\python38\\lib\\site-packages\\selenium\\webdriver\\support\\wait.py\", line 80, in until\n    raise TimeoutException(message, screen, stacktrace)\n"}, "start": 1615016555181, "stop": 1615016606834}], "start": 1615016555181, "stop": 1615016606834, "uuid": "b879bc46-fb90-4504-aee1-25c2f9e22a14", "historyId": "45c9c516a04d7cde70c5b646058b38b6", "testCaseId": "8efde3ac8300107ce440c2e7461da79d", "fullName": "test_051_changeNickname.Test_changeNickname#test_changeNickname", "labels": [{"name": "suite", "value": "test_051_changeNickname"}, {"name": "subSuite", "value": "Test_changeNickname"}, {"name": "host", "value": "WINDOWS-49AO44L"}, {"name": "thread", "value": "19192-MainThread"}, {"name": "framework", "value": "pytest"}, {"name": "language", "value": "cpython3"}, {"name": "package", "value": "test_051_changeNickname"}]}