{"name": "test_friendTimeEnough", "status": "broken", "statusDetails": {"message": "selenium.common.exceptions.TimeoutException: Message:", "trace": "self = <scripts.test_046_friendTime.Test_friendTime object at 0x000001B7E218BA90>\n\n    def test_friendTimeEnough(self):\n        with allure.step('进入更多页'):\n>           self.page.more().click_more()\n\ntest_046_friendTime.py:39: \n_ _ _ _ _ _ _ _ _ _ _ _ _ _ _ _ _ _ _ _ _ _ _ _ _ _ _ _ _ _ _ _ _ _ _ _ _ _ _ _\n..\\Pages\\personal_information\\more_page.py:46: in click_more\n    self.click(self.moreBtn)\n..\\base\\base_action.py:27: in click\n    self.find_element(feature).click()\n..\\base\\base_action.py:22: in find_element\n    element = WebDriverWait(self.driver, timeout, poll).until(lambda x: x.find_element(feature_by, feature_value))\n_ _ _ _ _ _ _ _ _ _ _ _ _ _ _ _ _ _ _ _ _ _ _ _ _ _ _ _ _ _ _ _ _ _ _ _ _ _ _ _\n\nself = <selenium.webdriver.support.wait.WebDriverWait (session=\"617e894c-f8a3-485f-b73b-53774ae0507a\")>\nmethod = <function BaseAction.find_element.<locals>.<lambda> at 0x000001B7E2239940>\nmessage = ''\n\n    def until(self, method, message=''):\n        \"\"\"Calls the method provided with the driver as an argument until the \\\n        return value is not False.\"\"\"\n        screen = None\n        stacktrace = None\n    \n        end_time = time.time() + self._timeout\n        while True:\n            try:\n                value = method(self._driver)\n                if value:\n                    return value\n            except self._ignored_exceptions as exc:\n                screen = getattr(exc, 'screen', None)\n                stacktrace = getattr(exc, 'stacktrace', None)\n            time.sleep(self._poll)\n            if time.time() > end_time:\n                break\n>       raise TimeoutException(message, screen, stacktrace)\nE       selenium.common.exceptions.TimeoutException: Message:\n\nc:\\python38\\lib\\site-packages\\selenium\\webdriver\\support\\wait.py:80: TimeoutException"}, "steps": [{"name": "进入更多页", "status": "broken", "statusDetails": {"message": "selenium.common.exceptions.TimeoutException: Message: \n\n", "trace": "  File \"D:\\Jenkins\\workspace\\Timing\\scripts\\test_046_friendTime.py\", line 39, in test_friendTimeEnough\n    self.page.more().click_more()\n  File \"D:\\Jenkins\\workspace\\Timing\\Pages\\personal_information\\more_page.py\", line 46, in click_more\n    self.click(self.moreBtn)\n  File \"D:\\Jenkins\\workspace\\Timing\\base\\base_action.py\", line 27, in click\n    self.find_element(feature).click()\n  File \"D:\\Jenkins\\workspace\\Timing\\base\\base_action.py\", line 22, in find_element\n    element = WebDriverWait(self.driver, timeout, poll).until(lambda x: x.find_element(feature_by, feature_value))\n  File \"c:\\python38\\lib\\site-packages\\selenium\\webdriver\\support\\wait.py\", line 80, in until\n    raise TimeoutException(message, screen, stacktrace)\n"}, "start": 1615016501184, "stop": 1615016552256}], "start": 1615016501184, "stop": 1615016552256, "uuid": "7c48b517-4e65-4209-83b1-fce6d18561e2", "historyId": "a0ba2d73cab4badd7d27b95a77cb9b91", "testCaseId": "5f82fc405be9923a9423d64bd1d1a6b7", "fullName": "test_046_friendTime.Test_friendTime#test_friendTimeEnough", "labels": [{"name": "suite", "value": "test_046_friendTime"}, {"name": "subSuite", "value": "Test_friendTime"}, {"name": "host", "value": "WINDOWS-49AO44L"}, {"name": "thread", "value": "19192-MainThread"}, {"name": "framework", "value": "pytest"}, {"name": "language", "value": "cpython3"}, {"name": "package", "value": "test_046_friendTime"}]}