{"name": "test_loginByQQ", "status": "broken", "statusDetails": {"message": "selenium.common.exceptions.TimeoutException: Message:", "trace": "self = <scripts.test_003_loginByQQ.Test_loginByQQ object at 0x000001D38B10FAC0>\n\n    def test_loginByQQ(self):\n        with allure.step('点击同意服务协议'):\n>           self.page.login().click_agree_login()\n\ntest_003_loginByQQ.py:27: \n_ _ _ _ _ _ _ _ _ _ _ _ _ _ _ _ _ _ _ _ _ _ _ _ _ _ _ _ _ _ _ _ _ _ _ _ _ _ _ _\n..\\Pages\\register_login\\login_page.py:57: in click_agree_login\n    self.click(self.agreeLogin)\n..\\base\\base_action.py:27: in click\n    self.find_element(feature).click()\n..\\base\\base_action.py:22: in find_element\n    element = WebDriverWait(self.driver, timeout, poll).until(lambda x: x.find_element(feature_by, feature_value))\n_ _ _ _ _ _ _ _ _ _ _ _ _ _ _ _ _ _ _ _ _ _ _ _ _ _ _ _ _ _ _ _ _ _ _ _ _ _ _ _\n\nself = <selenium.webdriver.support.wait.WebDriverWait (session=\"357f8fae-9af2-4e29-9312-ca92912955ee\")>\nmethod = <function BaseAction.find_element.<locals>.<lambda> at 0x000001D38B220EE0>\nmessage = ''\n\n    def until(self, method, message=''):\n        \"\"\"Calls the method provided with the driver as an argument until the \\\n        return value is not False.\"\"\"\n        screen = None\n        stacktrace = None\n    \n        end_time = time.time() + self._timeout\n        while True:\n            try:\n                value = method(self._driver)\n                if value:\n                    return value\n            except self._ignored_exceptions as exc:\n                screen = getattr(exc, 'screen', None)\n                stacktrace = getattr(exc, 'stacktrace', None)\n            time.sleep(self._poll)\n            if time.time() > end_time:\n                break\n>       raise TimeoutException(message, screen, stacktrace)\nE       selenium.common.exceptions.TimeoutException: Message:\n\nc:\\python38\\lib\\site-packages\\selenium\\webdriver\\support\\wait.py:80: TimeoutException"}, "steps": [{"name": "点击同意服务协议", "status": "broken", "statusDetails": {"message": "selenium.common.exceptions.TimeoutException: Message: \n\n", "trace": "  File \"D:\\Jenkins\\workspace\\Timing\\scripts\\test_003_loginByQQ.py\", line 27, in test_loginByQQ\n    self.page.login().click_agree_login()\n  File \"D:\\Jenkins\\workspace\\Timing\\Pages\\register_login\\login_page.py\", line 57, in click_agree_login\n    self.click(self.agreeLogin)\n  File \"D:\\Jenkins\\workspace\\Timing\\base\\base_action.py\", line 27, in click\n    self.find_element(feature).click()\n  File \"D:\\Jenkins\\workspace\\Timing\\base\\base_action.py\", line 22, in find_element\n    element = WebDriverWait(self.driver, timeout, poll).until(lambda x: x.find_element(feature_by, feature_value))\n  File \"c:\\python38\\lib\\site-packages\\selenium\\webdriver\\support\\wait.py\", line 80, in until\n    raise TimeoutException(message, screen, stacktrace)\n"}, "start": 1614263646148, "stop": 1614263746485}], "start": 1614263646148, "stop": 1614263746525, "uuid": "8c5feaf1-2055-420d-9497-5803e83a053e", "historyId": "add77ff9628445763fbdb805500be90f", "testCaseId": "c3b8f0f70b2c736b68e6f5d17c96c08a", "fullName": "test_003_loginByQQ.Test_loginByQQ#test_loginByQQ", "labels": [{"name": "suite", "value": "test_003_loginByQQ"}, {"name": "subSuite", "value": "Test_loginByQQ"}, {"name": "host", "value": "WINDOWS-49AO44L"}, {"name": "thread", "value": "4240-MainThread"}, {"name": "framework", "value": "pytest"}, {"name": "language", "value": "cpython3"}, {"name": "package", "value": "test_003_loginByQQ"}]}