{"name": "test_friendTimeEnough", "status": "broken", "statusDetails": {"message": "selenium.common.exceptions.TimeoutException: Message:", "trace": "self = <scripts.test_046_friendTime.Test_friendTime object at 0x0000025634233160>\n\n    def test_friendTimeEnough(self):\n        with allure.step('点击结伴学习'):\n            self.page.shouye().click_startStudyBtn()\n        # with allure.step('输入学习内容'):\n        #     time.sleep(3)\n        #     self.page.firend_timing().input_friendTimeBox(12345)\n        with allure.step('点击创建按钮'):\n>           self.page.firend_timing().click_beginTimeBtn()\n\ntest_046_friendTime.py:42: \n_ _ _ _ _ _ _ _ _ _ _ _ _ _ _ _ _ _ _ _ _ _ _ _ _ _ _ _ _ _ _ _ _ _ _ _ _ _ _ _\n..\\Pages\\timed_learning\\friend_timing_page.py:23: in click_beginTimeBtn\n    self.click(self.beginTimeBtn)\n..\\base\\base_action.py:27: in click\n    self.find_element(feature).click()\n..\\base\\base_action.py:22: in find_element\n    element = WebDriverWait(self.driver, timeout, poll).until(lambda x: x.find_element(feature_by, feature_value))\n_ _ _ _ _ _ _ _ _ _ _ _ _ _ _ _ _ _ _ _ _ _ _ _ _ _ _ _ _ _ _ _ _ _ _ _ _ _ _ _\n\nself = <selenium.webdriver.support.wait.WebDriverWait (session=\"1f3257f3-bdb9-43ac-b21e-9a1a085cf20a\")>\nmethod = <function BaseAction.find_element.<locals>.<lambda> at 0x0000025626F5D9D0>\nmessage = ''\n\n    def until(self, method, message=''):\n        \"\"\"Calls the method provided with the driver as an argument until the \\\n        return value is not False.\"\"\"\n        screen = None\n        stacktrace = None\n    \n        end_time = time.time() + self._timeout\n        while True:\n            try:\n                value = method(self._driver)\n                if value:\n                    return value\n            except self._ignored_exceptions as exc:\n                screen = getattr(exc, 'screen', None)\n                stacktrace = getattr(exc, 'stacktrace', None)\n            time.sleep(self._poll)\n            if time.time() > end_time:\n                break\n>       raise TimeoutException(message, screen, stacktrace)\nE       selenium.common.exceptions.TimeoutException: Message:\n\nc:\\python38\\lib\\site-packages\\selenium\\webdriver\\support\\wait.py:80: TimeoutException"}, "steps": [{"name": "点击结伴学习", "status": "passed", "start": 1616596919416, "stop": 1616596925580}, {"name": "点击创建按钮", "status": "broken", "statusDetails": {"message": "selenium.common.exceptions.TimeoutException: Message: \n\n", "trace": "  File \"D:\\Jenkins\\workspace\\Timing\\scripts\\test_046_friendTime.py\", line 42, in test_friendTimeEnough\n    self.page.firend_timing().click_beginTimeBtn()\n  File \"D:\\Jenkins\\workspace\\Timing\\Pages\\timed_learning\\friend_timing_page.py\", line 23, in click_beginTimeBtn\n    self.click(self.beginTimeBtn)\n  File \"D:\\Jenkins\\workspace\\Timing\\base\\base_action.py\", line 27, in click\n    self.find_element(feature).click()\n  File \"D:\\Jenkins\\workspace\\Timing\\base\\base_action.py\", line 22, in find_element\n    element = WebDriverWait(self.driver, timeout, poll).until(lambda x: x.find_element(feature_by, feature_value))\n  File \"c:\\python38\\lib\\site-packages\\selenium\\webdriver\\support\\wait.py\", line 80, in until\n    raise TimeoutException(message, screen, stacktrace)\n"}, "start": 1616596925580, "stop": 1616596976997}], "start": 1616596919416, "stop": 1616596976997, "uuid": "107c1a20-25e5-4901-af38-4c8f68c06031", "historyId": "a0ba2d73cab4badd7d27b95a77cb9b91", "testCaseId": "5f82fc405be9923a9423d64bd1d1a6b7", "fullName": "test_046_friendTime.Test_friendTime#test_friendTimeEnough", "labels": [{"name": "suite", "value": "test_046_friendTime"}, {"name": "subSuite", "value": "Test_friendTime"}, {"name": "host", "value": "WINDOWS-49AO44L"}, {"name": "thread", "value": "17260-MainThread"}, {"name": "framework", "value": "pytest"}, {"name": "language", "value": "cpython3"}, {"name": "package", "value": "test_046_friendTime"}]}