{"name": "test_loginByPwd", "status": "broken", "statusDetails": {"message": "selenium.common.exceptions.TimeoutException: Message:", "trace": "self = <scripts.test_005_loginByPwd.Test_loginByPwd object at 0x000001B7E2240C70>\n\n    def test_loginByPwd(self):\n        with allure.step('点击同意服务协议'):\n>           self.page.login().click_agree_login()\n\ntest_005_loginByPwd.py:28: \n_ _ _ _ _ _ _ _ _ _ _ _ _ _ _ _ _ _ _ _ _ _ _ _ _ _ _ _ _ _ _ _ _ _ _ _ _ _ _ _\n..\\Pages\\register_login\\login_page.py:57: in click_agree_login\n    self.click(self.agreeLogin)\n..\\base\\base_action.py:27: in click\n    self.find_element(feature).click()\n..\\base\\base_action.py:22: in find_element\n    element = WebDriverWait(self.driver, timeout, poll).until(lambda x: x.find_element(feature_by, feature_value))\n_ _ _ _ _ _ _ _ _ _ _ _ _ _ _ _ _ _ _ _ _ _ _ _ _ _ _ _ _ _ _ _ _ _ _ _ _ _ _ _\n\nself = <selenium.webdriver.support.wait.WebDriverWait (session=\"44496af4-5092-4185-b5e0-55bd0765d130\")>\nmethod = <function BaseAction.find_element.<locals>.<lambda> at 0x000001B7E10AB9D0>\nmessage = ''\n\n    def until(self, method, message=''):\n        \"\"\"Calls the method provided with the driver as an argument until the \\\n        return value is not False.\"\"\"\n        screen = None\n        stacktrace = None\n    \n        end_time = time.time() + self._timeout\n        while True:\n            try:\n                value = method(self._driver)\n                if value:\n                    return value\n            except self._ignored_exceptions as exc:\n                screen = getattr(exc, 'screen', None)\n                stacktrace = getattr(exc, 'stacktrace', None)\n            time.sleep(self._poll)\n            if time.time() > end_time:\n                break\n>       raise TimeoutException(message, screen, stacktrace)\nE       selenium.common.exceptions.TimeoutException: Message:\n\nc:\\python38\\lib\\site-packages\\selenium\\webdriver\\support\\wait.py:80: TimeoutException"}, "steps": [{"name": "点击同意服务协议", "status": "broken", "statusDetails": {"message": "selenium.common.exceptions.TimeoutException: Message: \n\n", "trace": "  File \"D:\\Jenkins\\workspace\\Timing\\scripts\\test_005_loginByPwd.py\", line 28, in test_loginByPwd\n    self.page.login().click_agree_login()\n  File \"D:\\Jenkins\\workspace\\Timing\\Pages\\register_login\\login_page.py\", line 57, in click_agree_login\n    self.click(self.agreeLogin)\n  File \"D:\\Jenkins\\workspace\\Timing\\base\\base_action.py\", line 27, in click\n    self.find_element(feature).click()\n  File \"D:\\Jenkins\\workspace\\Timing\\base\\base_action.py\", line 22, in find_element\n    element = WebDriverWait(self.driver, timeout, poll).until(lambda x: x.find_element(feature_by, feature_value))\n  File \"c:\\python38\\lib\\site-packages\\selenium\\webdriver\\support\\wait.py\", line 80, in until\n    raise TimeoutException(message, screen, stacktrace)\n"}, "start": 1615015743475, "stop": 1615015794906}], "start": 1615015743475, "stop": 1615015794936, "uuid": "2c552112-082a-453a-80fb-cdba3c1a3ee1", "historyId": "168d2de2518e33ff13db78a0c2f4fd4f", "testCaseId": "8e09c7692e363f5cf747a7ec4c326f68", "fullName": "test_005_loginByPwd.Test_loginByPwd#test_loginByPwd", "labels": [{"name": "suite", "value": "test_005_loginByPwd"}, {"name": "subSuite", "value": "Test_loginByPwd"}, {"name": "host", "value": "WINDOWS-49AO44L"}, {"name": "thread", "value": "19192-MainThread"}, {"name": "framework", "value": "pytest"}, {"name": "language", "value": "cpython3"}, {"name": "package", "value": "test_005_loginByPwd"}]}