{"name": "test_farmTimeLess", "status": "broken", "statusDetails": {"message": "selenium.common.exceptions.TimeoutException: Message:", "trace": "self = <scripts.test_045_farmTime.Test_farmTime object at 0x0000020763426160>\n\n    def test_farmTimeLess(self):\n        with allure.step('进入更多页'):\n>           self.page.shouye().click_mainMoreBtn()\n\ntest_045_farmTime.py:22: \n_ _ _ _ _ _ _ _ _ _ _ _ _ _ _ _ _ _ _ _ _ _ _ _ _ _ _ _ _ _ _ _ _ _ _ _ _ _ _ _\n..\\Pages\\message_interaction\\shouye_page.py:37: in click_mainMoreBtn\n    self.click(self.mainMoreBtn)\n..\\base\\base_action.py:27: in click\n    self.find_element(feature).click()\n..\\base\\base_action.py:22: in find_element\n    element = WebDriverWait(self.driver, timeout, poll).until(lambda x: x.find_element(feature_by, feature_value))\n_ _ _ _ _ _ _ _ _ _ _ _ _ _ _ _ _ _ _ _ _ _ _ _ _ _ _ _ _ _ _ _ _ _ _ _ _ _ _ _\n\nself = <selenium.webdriver.support.wait.WebDriverWait (session=\"89dac4bb-f603-4329-ba57-b5e2e5ea929f\")>\nmethod = <function BaseAction.find_element.<locals>.<lambda> at 0x000002076F60BB80>\nmessage = ''\n\n    def until(self, method, message=''):\n        \"\"\"Calls the method provided with the driver as an argument until the \\\n        return value is not False.\"\"\"\n        screen = None\n        stacktrace = None\n    \n        end_time = time.time() + self._timeout\n        while True:\n            try:\n                value = method(self._driver)\n                if value:\n                    return value\n            except self._ignored_exceptions as exc:\n                screen = getattr(exc, 'screen', None)\n                stacktrace = getattr(exc, 'stacktrace', None)\n            time.sleep(self._poll)\n            if time.time() > end_time:\n                break\n>       raise TimeoutException(message, screen, stacktrace)\nE       selenium.common.exceptions.TimeoutException: Message:\n\nc:\\python38\\lib\\site-packages\\selenium\\webdriver\\support\\wait.py:80: TimeoutException"}, "steps": [{"name": "进入更多页", "status": "broken", "statusDetails": {"message": "selenium.common.exceptions.TimeoutException: Message: \n\n", "trace": "  File \"D:\\Jenkins\\workspace\\Timing\\scripts\\test_045_farmTime.py\", line 22, in test_farmTimeLess\n    self.page.shouye().click_mainMoreBtn()\n  File \"D:\\Jenkins\\workspace\\Timing\\Pages\\message_interaction\\shouye_page.py\", line 37, in click_mainMoreBtn\n    self.click(self.mainMoreBtn)\n  File \"D:\\Jenkins\\workspace\\Timing\\base\\base_action.py\", line 27, in click\n    self.find_element(feature).click()\n  File \"D:\\Jenkins\\workspace\\Timing\\base\\base_action.py\", line 22, in find_element\n    element = WebDriverWait(self.driver, timeout, poll).until(lambda x: x.find_element(feature_by, feature_value))\n  File \"c:\\python38\\lib\\site-packages\\selenium\\webdriver\\support\\wait.py\", line 80, in until\n    raise TimeoutException(message, screen, stacktrace)\n"}, "start": 1616138841587, "stop": 1616138893414}], "start": 1616138841587, "stop": 1616138893414, "uuid": "20697c5d-680d-4767-ae61-66b1acd52ed9", "historyId": "3393c72a8712bf17a680a7ad01fa9c2c", "testCaseId": "8eb397a4d030570ef4aa3f1cd266d5e7", "fullName": "test_045_farmTime.Test_farmTime#test_farmTimeLess", "labels": [{"name": "suite", "value": "test_045_farmTime"}, {"name": "subSuite", "value": "Test_farmTime"}, {"name": "host", "value": "WINDOWS-49AO44L"}, {"name": "thread", "value": "19424-MainThread"}, {"name": "framework", "value": "pytest"}, {"name": "language", "value": "cpython3"}, {"name": "package", "value": "test_045_farmTime"}]}