{"name": "test_studyTimeEnough", "status": "broken", "statusDetails": {"message": "selenium.common.exceptions.TimeoutException: Message:", "trace": "self = <scripts.test_041_studyTime.Test_studyTime object at 0x0000022E3E258340>\n\n    def test_studyTimeEnough(self):\n        with allure.step('进入更多页'):\n            self.page.more().click_more()\n        with allure.step('点击自律工具'):\n>           self.page.timing().click_studyTools()\n\ntest_041_studyTime.py:81: \n_ _ _ _ _ _ _ _ _ _ _ _ _ _ _ _ _ _ _ _ _ _ _ _ _ _ _ _ _ _ _ _ _ _ _ _ _ _ _ _\n..\\Pages\\timed_learning\\timing_page.py:80: in click_studyTools\n    self.click(self.studyTools)\n..\\base\\base_action.py:27: in click\n    self.find_element(feature).click()\n..\\base\\base_action.py:22: in find_element\n    element = WebDriverWait(self.driver, timeout, poll).until(lambda x: x.find_element(feature_by, feature_value))\n_ _ _ _ _ _ _ _ _ _ _ _ _ _ _ _ _ _ _ _ _ _ _ _ _ _ _ _ _ _ _ _ _ _ _ _ _ _ _ _\n\nself = <selenium.webdriver.support.wait.WebDriverWait (session=\"b4325623-5ba5-4aec-9911-6c03d0de915d\")>\nmethod = <function BaseAction.find_element.<locals>.<lambda> at 0x0000022E32083940>\nmessage = ''\n\n    def until(self, method, message=''):\n        \"\"\"Calls the method provided with the driver as an argument until the \\\n        return value is not False.\"\"\"\n        screen = None\n        stacktrace = None\n    \n        end_time = time.time() + self._timeout\n        while True:\n            try:\n                value = method(self._driver)\n                if value:\n                    return value\n            except self._ignored_exceptions as exc:\n                screen = getattr(exc, 'screen', None)\n                stacktrace = getattr(exc, 'stacktrace', None)\n            time.sleep(self._poll)\n            if time.time() > end_time:\n                break\n>       raise TimeoutException(message, screen, stacktrace)\nE       selenium.common.exceptions.TimeoutException: Message:\n\nc:\\python38\\lib\\site-packages\\selenium\\webdriver\\support\\wait.py:80: TimeoutException"}, "steps": [{"name": "进入更多页", "status": "passed", "start": 1614264599287, "stop": 1614264647682}, {"name": "点击自律工具", "status": "broken", "statusDetails": {"message": "selenium.common.exceptions.TimeoutException: Message: \n\n", "trace": "  File \"D:\\Jenkins\\workspace\\Timing\\scripts\\test_041_studyTime.py\", line 81, in test_studyTimeEnough\n    self.page.timing().click_studyTools()\n  File \"D:\\Jenkins\\workspace\\Timing\\Pages\\timed_learning\\timing_page.py\", line 80, in click_studyTools\n    self.click(self.studyTools)\n  File \"D:\\Jenkins\\workspace\\Timing\\base\\base_action.py\", line 27, in click\n    self.find_element(feature).click()\n  File \"D:\\Jenkins\\workspace\\Timing\\base\\base_action.py\", line 22, in find_element\n    element = WebDriverWait(self.driver, timeout, poll).until(lambda x: x.find_element(feature_by, feature_value))\n  File \"c:\\python38\\lib\\site-packages\\selenium\\webdriver\\support\\wait.py\", line 80, in until\n    raise TimeoutException(message, screen, stacktrace)\n"}, "start": 1614264647682, "stop": 1614264699192}], "start": 1614264599287, "stop": 1614264699224, "uuid": "d2792bcc-504c-423e-ab1a-2840fa41661d", "historyId": "70d7f22222b00c9c58e75e109c489323", "testCaseId": "d83396f78150f742027f49d5a35e9c09", "fullName": "test_041_studyTime.Test_studyTime#test_studyTimeEnough", "labels": [{"name": "suite", "value": "test_041_studyTime"}, {"name": "subSuite", "value": "Test_studyTime"}, {"name": "host", "value": "WINDOWS-49AO44L"}, {"name": "thread", "value": "13556-MainThread"}, {"name": "framework", "value": "pytest"}, {"name": "language", "value": "cpython3"}, {"name": "package", "value": "test_041_studyTime"}]}