{"name": "test_studyTimeLess", "status": "broken", "statusDetails": {"message": "selenium.common.exceptions.TimeoutException: Message:", "trace": "self = <scripts.test_041_studyTime.Test_studyTime object at 0x0000029542D003A0>\n\n    def test_studyTimeLess(self):\n        with allure.step('进入更多页'):\n            self.page.shouye().click_mainMoreBtn()\n        with allure.step('点击自律工具'):\n            time.sleep(2)\n            self.page.more().click_studyToolBtn()\n        with allure.step('点击普通计时'):\n            self.page.timing().click_normalTiming()\n        with allure.step('输入学习内容'):\n            self.page.timing().input_normalLearningTargetBox(12345)\n        with allure.step('点击设置按钮'):\n            self.page.timing().click_studySettingBtn()\n        with allure.step('设置学习时长'):\n            time.sleep(3)\n            self.page.more().swipeByTime()\n        with allure.step('点击设置完成按钮'):\n            self.page.timing().click_studySettingsuccessBtn()\n        with allure.step('点击开始学习'):\n            self.page.timing().click_startTimingBtn()\n        with allure.step('点击邀请'):\n            time.sleep(2)\n            self.page.classic_timing().click_studyTogetherBtn()\n        with allure.step('点击邀请的人'):\n            time.sleep(3)\n>           self.page.classic_timing().click_selectFriend()\n\ntest_041_studyTime.py:45: \n_ _ _ _ _ _ _ _ _ _ _ _ _ _ _ _ _ _ _ _ _ _ _ _ _ _ _ _ _ _ _ _ _ _ _ _ _ _ _ _\n..\\Pages\\timed_learning\\classic_timing_page.py:91: in click_selectFriend\n    self.click(self.selectFriend)\n..\\base\\base_action.py:27: in click\n    self.find_element(feature).click()\n..\\base\\base_action.py:22: in find_element\n    element = WebDriverWait(self.driver, timeout, poll).until(lambda x: x.find_element(feature_by, feature_value))\n_ _ _ _ _ _ _ _ _ _ _ _ _ _ _ _ _ _ _ _ _ _ _ _ _ _ _ _ _ _ _ _ _ _ _ _ _ _ _ _\n\nself = <selenium.webdriver.support.wait.WebDriverWait (session=\"338f1fd6-551d-4595-af3c-413a3d387231\")>\nmethod = <function BaseAction.find_element.<locals>.<lambda> at 0x0000029542C9E3A0>\nmessage = ''\n\n    def until(self, method, message=''):\n        \"\"\"Calls the method provided with the driver as an argument until the \\\n        return value is not False.\"\"\"\n        screen = None\n        stacktrace = None\n    \n        end_time = time.time() + self._timeout\n        while True:\n            try:\n                value = method(self._driver)\n                if value:\n                    return value\n            except self._ignored_exceptions as exc:\n                screen = getattr(exc, 'screen', None)\n                stacktrace = getattr(exc, 'stacktrace', None)\n            time.sleep(self._poll)\n            if time.time() > end_time:\n                break\n>       raise TimeoutException(message, screen, stacktrace)\nE       selenium.common.exceptions.TimeoutException: Message:\n\nc:\\python38\\lib\\site-packages\\selenium\\webdriver\\support\\wait.py:80: TimeoutException"}, "steps": [{"name": "进入更多页", "status": "passed", "start": 1615550362666, "stop": 1615550365689}, {"name": "点击自律工具", "status": "passed", "start": 1615550365689, "stop": 1615550367963}, {"name": "点击普通计时", "status": "passed", "start": 1615550367963, "stop": 1615550368967}, {"name": "输入学习内容", "status": "passed", "start": 1615550368967, "stop": 1615550374096}, {"name": "点击设置按钮", "status": "passed", "start": 1615550374096, "stop": 1615550374853}, {"name": "设置学习时长", "status": "passed", "start": 1615550374853, "stop": 1615550378110}, {"name": "点击设置完成按钮", "status": "passed", "start": 1615550378110, "stop": 1615550382204}, {"name": "点击开始学习", "status": "passed", "start": 1615550382205, "stop": 1615550384403}, {"name": "点击邀请", "status": "passed", "start": 1615550384403, "stop": 1615550389887}, {"name": "点击邀请的人", "status": "broken", "statusDetails": {"message": "selenium.common.exceptions.TimeoutException: Message: \n\n", "trace": "  File \"D:\\Jenkins\\workspace\\Timing\\scripts\\test_041_studyTime.py\", line 45, in test_studyTimeLess\n    self.page.classic_timing().click_selectFriend()\n  File \"D:\\Jenkins\\workspace\\Timing\\Pages\\timed_learning\\classic_timing_page.py\", line 91, in click_selectFriend\n    self.click(self.selectFriend)\n  File \"D:\\Jenkins\\workspace\\Timing\\base\\base_action.py\", line 27, in click\n    self.find_element(feature).click()\n  File \"D:\\Jenkins\\workspace\\Timing\\base\\base_action.py\", line 22, in find_element\n    element = WebDriverWait(self.driver, timeout, poll).until(lambda x: x.find_element(feature_by, feature_value))\n  File \"c:\\python38\\lib\\site-packages\\selenium\\webdriver\\support\\wait.py\", line 80, in until\n    raise TimeoutException(message, screen, stacktrace)\n"}, "start": 1615550389887, "stop": 1615550444169}], "start": 1615550362666, "stop": 1615550444189, "uuid": "2bcc7866-e3ac-49fe-b42f-4349c28af3f1", "historyId": "e4827d8dbf89d25f32b26b525ec44d24", "testCaseId": "d5c8306918734384c03162b6f70f6777", "fullName": "test_041_studyTime.Test_studyTime#test_studyTimeLess", "labels": [{"name": "suite", "value": "test_041_studyTime"}, {"name": "subSuite", "value": "Test_studyTime"}, {"name": "host", "value": "WINDOWS-49AO44L"}, {"name": "thread", "value": "20304-MainThread"}, {"name": "framework", "value": "pytest"}, {"name": "language", "value": "cpython3"}, {"name": "package", "value": "test_041_studyTime"}]}